[20:11:24] [ServerMain/INFO]: [bootstrap] Running Java 21 (OpenJDK 64-Bit Server VM 21.0.9+10-Ubuntu-124.04; Ubuntu null) on Linux 6.8.0-1030-azure (amd64)
[20:11:24] [ServerMain/INFO]: [bootstrap] Loading Paper 1.21.10-117-ver/1.21.10@df4b668 (2025-11-30T22:37:28Z) for Minecraft 1.21.10
[20:11:25] [ServerMain/INFO]: [PluginInitializerManager] Initializing plugins...
[20:11:25] [ServerMain/INFO]: [PluginInitializerManager] Initialized 0 plugins
[20:11:31] [ServerMain/INFO]: Environment: Environment[sessionHost=https://sessionserver.mojang.com, servicesHost=https://api.minecraftservices.com, profilesHost=https://api.mojang.com, name=PROD]
[20:11:33] [ServerMain/INFO]: Loaded 1461 recipes
[20:11:33] [ServerMain/INFO]: Loaded 1574 advancements
[20:11:33] [ServerMain/INFO]: [ca.spottedleaf.dataconverter.minecraft.datatypes.MCTypeRegistry] Initialising converters for DataConverter...
[20:11:34] [ServerMain/INFO]: [ca.spottedleaf.dataconverter.minecraft.datatypes.MCTypeRegistry] Finished initialising converters for DataConverter in 411.5ms
[20:11:34] [Server thread/INFO]: Starting minecraft server version 1.21.10
[20:11:34] [Server thread/INFO]: Loading properties
[20:11:34] [Server thread/INFO]: This server is running Paper version 1.21.10-117-ver/1.21.10@df4b668 (2025-11-30T22:37:28Z) (Implementing API version 1.21.10-R0.1-SNAPSHOT)
[20:11:34] [Server thread/INFO]: [spark] This server bundles the spark profiler. For more information please visit https://docs.papermc.io/paper/profiling
[20:11:34] [Server thread/INFO]: Server Ping Player Sample Count: 12
[20:11:34] [Server thread/INFO]: Using 4 threads for Netty based IO
[20:11:35] [Server thread/INFO]: [MoonriseCommon] Paper is using 1 worker threads, 1 I/O threads
[20:11:35] [Server thread/INFO]: Default game type: SURVIVAL
[20:11:35] [Server thread/INFO]: Generating keypair
[20:11:35] [Server thread/INFO]: Starting Minecraft server on *:25565
[20:11:35] [Server thread/INFO]: Using epoll channel type
[20:11:36] [Server thread/INFO]: Paper: Using libdeflate (Linux x86_64) compression from Velocity.
[20:11:36] [Server thread/INFO]: Paper: Using OpenSSL 3.x.x (Linux x86_64) cipher from Velocity.
[20:11:36] [Server thread/INFO]: Server permissions file permissions.yml is empty, ignoring it
[20:11:36] [Server thread/WARN]: **** SERVER IS RUNNING IN OFFLINE/INSECURE MODE!
[20:11:36] [Server thread/WARN]: The server will make no attempt to authenticate usernames. Beware.
[20:11:36] [Server thread/WARN]: While this makes the game possible to play without internet access, it also opens up the ability for hackers to connect with any username they choose.
[20:11:36] [Server thread/WARN]: To change this, set "online-mode" to "true" in the server.properties file.
[20:11:36] [Server thread/INFO]: Preparing level "world"
[20:11:36] [Server thread/INFO]: Loading 0 persistent chunks for world 'minecraft:overworld'...
[20:11:36] [Server thread/INFO]: Prepared spawn area in 2 ms
[20:11:36] [Server thread/INFO]: Loading 0 persistent chunks for world 'minecraft:the_nether'...
[20:11:36] [Server thread/INFO]: Prepared spawn area in 1 ms
[20:11:36] [Server thread/INFO]: Loading 0 persistent chunks for world 'minecraft:the_end'...
[20:11:36] [Server thread/INFO]: Prepared spawn area in 1 ms
[20:11:36] [Server thread/INFO]: Done preparing level "world" (0.529s)
[20:11:36] [Server thread/INFO]: [spark] Starting background profiler...
[20:11:37] [Server thread/INFO]: Running delayed init tasks
[20:11:37] [Server thread/INFO]: Done (14.152s)! For help, type "help"
[20:12:31] [User Authenticator #0/INFO]: UUID of player 6xyz_ is 5650f27d-9da1-374b-a476-3f64c8c190de
[20:12:32] [Server thread/INFO]: 6xyz_ joined the game
[20:12:32] [Server thread/INFO]: 6xyz_[/127.209.221.93:52721] logged in with entity id 51 at ([world]132.7764069696606, 91.0, -956.063094457828)
[20:14:56] [Server thread/INFO]: 6xyz_ has made the advancement [Monster Hunter]
[20:15:23] [Server thread/INFO]: 6xyz_ has made the advancement [Sweet Dreams]
[20:15:36] [Server thread/INFO]: Villager Villager['Villager'/574, uuid='ad2009d6-8bd5-434a-985c-e22c629e62da', l='ServerLevel[world]', x=18.70, y=76.56, z=-1191.80, cpos=[1, -75], tl=397, v=true] died, message: 'Villager was slain by Zombie'
[20:15:44] [Server thread/INFO]: Villager Villager['Villager'/1035, uuid='c1f3b4e5-eea9-4191-8b31-1419d13a7fa4', l='ServerLevel[world]', x=38.39, y=69.00, z=-1218.95, cpos=[2, -77], tl=548, v=true] died, message: 'Villager was slain by Zombie'
[20:15:45] [Server thread/INFO]: Villager Villager['Villager'/346, uuid='85aa439c-91e0-4948-bcb9-4ea7d24d0098', l='ServerLevel[world]', x=24.30, y=73.00, z=-1207.04, cpos=[1, -76], tl=1427, v=true] died, message: 'Villager was slain by Zombie'
[20:16:12] [Server thread/INFO]: Stopping the server
[20:16:12] [Server thread/INFO]: Stopping server
[20:16:12] [Server thread/INFO]: Saving players
[20:16:12] [Server thread/INFO]: 6xyz_ lost connection: Server closed
[20:16:12] [Server thread/INFO]: 6xyz_ left the game
[20:16:12] [Server thread/INFO]: Saving worlds
[20:16:12] [Server thread/INFO]: Saving chunks for level 'ServerLevel[world]'/minecraft:overworld
[20:16:12] [Server thread/INFO]: [ChunkHolderManager] Waiting 60s for chunk system to halt for world 'world'
[20:16:12] [Server thread/INFO]: [ChunkHolderManager] Halted chunk system for world 'world'
[20:16:12] [Server thread/INFO]: [ChunkHolderManager] Saving all chunkholders for world 'world'
[20:16:15] [Server thread/INFO]: [ChunkHolderManager] Saved 1940 block chunks, 1210 entity chunks, 32 poi chunks in world 'world' in 2.55s
[20:16:15] [Server thread/INFO]: [ChunkHolderManager] Waiting 60s for chunk I/O to halt for world 'world'
[20:16:15] [Server thread/INFO]: [ChunkHolderManager] Halted I/O scheduler for world 'world'
[20:16:15] [Server thread/INFO]: Saving chunks for level 'ServerLevel[world_nether]'/minecraft:the_nether
[20:16:15] [Server thread/INFO]: [ChunkHolderManager] Waiting 60s for chunk system to halt for world 'world_nether'
[20:16:15] [Server thread/INFO]: [ChunkHolderManager] Halted chunk system for world 'world_nether'
[20:16:15] [Server thread/INFO]: [ChunkHolderManager] Saving all chunkholders for world 'world_nether'
[20:16:15] [Server thread/INFO]: [ChunkHolderManager] Saved 0 block chunks, 0 entity chunks, 0 poi chunks in world 'world_nether' in 0.00s
[20:16:15] [Server thread/INFO]: [ChunkHolderManager] Waiting 60s for chunk I/O to halt for world 'world_nether'
[20:16:15] [Server thread/INFO]: [ChunkHolderManager] Halted I/O scheduler for world 'world_nether'
[20:16:15] [Server thread/INFO]: Saving chunks for level 'ServerLevel[world_the_end]'/minecraft:the_end
[20:16:15] [Server thread/INFO]: [ChunkHolderManager] Waiting 60s for chunk system to halt for world 'world_the_end'
[20:16:15] [Server thread/INFO]: [ChunkHolderManager] Halted chunk system for world 'world_the_end'
[20:16:15] [Server thread/INFO]: [ChunkHolderManager] Saving all chunkholders for world 'world_the_end'
[20:16:15] [Server thread/INFO]: [ChunkHolderManager] Saved 0 block chunks, 0 entity chunks, 0 poi chunks in world 'world_the_end' in 0.00s
[20:16:15] [Server thread/INFO]: [ChunkHolderManager] Waiting 60s for chunk I/O to halt for world 'world_the_end'
[20:16:15] [Server thread/INFO]: [ChunkHolderManager] Halted I/O scheduler for world 'world_the_end'
[20:16:15] [Server thread/INFO]: ThreadedAnvilChunkStorage (world): All chunks are saved
[20:16:15] [Server thread/INFO]: ThreadedAnvilChunkStorage (DIM-1): All chunks are saved
[20:16:15] [Server thread/INFO]: ThreadedAnvilChunkStorage (DIM1): All chunks are saved
[20:16:15] [Server thread/INFO]: ThreadedAnvilChunkStorage: All dimensions are saved
[20:16:15] [Server thread/INFO]: Waiting for all RegionFile I/O tasks to complete...
[20:16:15] [Server thread/INFO]: All RegionFile I/O tasks to complete
[20:16:15] [Server thread/INFO]: [MoonriseCommon] Awaiting termination of worker pool for up to 60s...
[20:16:15] [Server thread/INFO]: [MoonriseCommon] Awaiting termination of I/O pool for up to 60s...
